#
# There is insufficient memory for the Java Runtime Environment to continue.
# Native memory allocation (malloc) failed to allocate 1048576 bytes for AllocateHeap
# Possible reasons:
#   The system is out of physical RAM or swap space
#   The process is running with CompressedOops enabled, and the Java Heap may be blocking the growth of the native heap
# Possible solutions:
#   Reduce memory load on the system
#   Increase physical memory or swap space
#   Check if swap backing store is full
#   Decrease Java heap size (-Xmx/-Xms)
#   Decrease number of Java threads
#   Decrease Java thread stack sizes (-Xss)
#   Set larger code cache with -XX:ReservedCodeCacheSize=
#   JVM is running with Zero Based Compressed Oops mode in which the Java heap is
#     placed in the first 32GB address space. The Java Heap base address is the
#     maximum limit for the native heap growth. Please use -XX:HeapBaseMinAddress
#     to set the Java Heap base and to place the Java Heap above 32GB virtual address.
# This output file may be truncated or incomplete.
#
#  Out of Memory Error (allocation.cpp:44), pid=12676, tid=1944
#
# JRE version:  (17.0.6) (build )
# Java VM: OpenJDK 64-Bit Server VM (17.0.6+0-b2043.56-10027231, mixed mode, sharing, tiered, compressed oops, compressed class ptrs, g1 gc, windows-amd64)
# No core dump will be written. Minidumps are not enabled by default on client versions of Windows
#

---------------  S U M M A R Y ------------

Command Line: git4idea.http.GitAskPassApp Username for 'https://github.com': 

Host: AMD Ryzen 7 5800H with Radeon Graphics         , 16 cores, 13G,  Windows 10 , 64 bit Build 19041 (10.0.19041.2251)
Time: Sun Oct  1 14:06:14 2023  Windows 10 , 64 bit Build 19041 (10.0.19041.2251) elapsed time: 0.008129 seconds (0d 0h 0m 0s)

---------------  T H R E A D  ---------------

Current thread (0x0000029974f9c1c0):  JavaThread "Unknown thread" [_thread_in_vm, id=1944, stack(0x0000009c77a00000,0x0000009c77b00000)]

Stack: [0x0000009c77a00000,0x0000009c77b00000]
Native frames: (J=compiled Java code, j=interpreted, Vv=VM code, C=native code)
V  [jvm.dll+0x683c9a]
V  [jvm.dll+0x8427a4]
V  [jvm.dll+0x843f9e]
V  [jvm.dll+0x844603]
V  [jvm.dll+0x249b75]
V  [jvm.dll+0xa641f]
V  [jvm.dll+0x2e8e27]
V  [jvm.dll+0x2e0b3b]
V  [jvm.dll+0x814091]
V  [jvm.dll+0x36e6a1]
V  [jvm.dll+0x7f35cc]
V  [jvm.dll+0x3f0e8f]
V  [jvm.dll+0x3f29d1]
C  [jli.dll+0x526b]
C  [ucrtbase.dll+0x21bb2]
C  [KERNEL32.DLL+0x174b4]
C  [ntdll.dll+0x526a1]


---------------  P R O C E S S  ---------------

Threads class SMR info:
_java_thread_list=0x00007fff0275c058, length=0, elements={
}

Java Threads: ( => current thread )

Other Threads:
  0x0000029974ffce10 GCTaskThread "GC Thread#0" [stack: 0x0000009c77b00000,0x0000009c77c00000] [id=12468]

[error occurred during error reporting (printing all threads), id 0xc0000005, EXCEPTION_ACCESS_VIOLATION (0xc0000005) at pc=0x00007fff01f0dd70]

VM state: not at safepoint (not fully initialized)

VM Mutex/Monitor currently owned by a thread:  ([mutex/lock_event])
[0x0000029974f952b0] Heap_lock - owner thread: 0x0000029974f9c1c0

Heap address: 0x0000000722400000, size: 3548 MB, Compressed Oops mode: Zero based, Oop shift amount: 3

CDS archive(s) mapped at: [0x0000000000000000-0x0000000000000000-0x0000000000000000), size 0, SharedBaseAddress: 0x0000000800000000, ArchiveRelocationMode: 0.
Narrow klass base: 0x0000000000000000, Narrow klass shift: 0, Narrow klass range: 0x0

GC Precious Log:
<Empty>

Heap:
 garbage-first heap   total 0K, used 0K [0x0000000722400000, 0x0000000800000000)
  region size 2048K, 0 young (0K), 0 survivors (0K)

[error occurred during error reporting (printing heap information), id 0xc0000005, EXCEPTION_ACCESS_VIOLATION (0xc0000005) at pc=0x00007fff022fda89]

GC Heap History (0 events):
No events

Dll operation events (1 events):
Event: 0.004 Loaded shared library D:\Programs\Android Studio\jbr\bin\java.dll

Deoptimization events (0 events):
No events

Classes unloaded (0 events):
No events

Classes redefined (0 events):
No events

Internal exceptions (0 events):
No events

VM Operations (0 events):
No events

Events (0 events):
No events


Dynamic libraries:
0x00007ff65af70000 - 0x00007ff65af7a000 	D:\Programs\Android Studio\jbr\bin\java.exe
0x00007fff60790000 - 0x00007fff60988000 	C:\WINDOWS\SYSTEM32\ntdll.dll
0x00007fff5f130000 - 0x00007fff5f1ef000 	C:\WINDOWS\System32\KERNEL32.DLL
0x00007fff5e410000 - 0x00007fff5e6e2000 	C:\WINDOWS\System32\KERNELBASE.dll
0x00007fff5e310000 - 0x00007fff5e410000 	C:\WINDOWS\System32\ucrtbase.dll
0x00007fff473e0000 - 0x00007fff473f7000 	D:\Programs\Android Studio\jbr\bin\jli.dll
0x00007fff3ea60000 - 0x00007fff3ea7b000 	D:\Programs\Android Studio\jbr\bin\VCRUNTIME140.dll
0x00007fff5f2a0000 - 0x00007fff5f43d000 	C:\WINDOWS\System32\USER32.dll
0x00007fff5e130000 - 0x00007fff5e152000 	C:\WINDOWS\System32\win32u.dll
0x00007fff45480000 - 0x00007fff4571a000 	C:\WINDOWS\WinSxS\amd64_microsoft.windows.common-controls_6595b64144ccf1df_6.0.19041.1110_none_60b5254171f9507e\COMCTL32.dll
0x00007fff5ee60000 - 0x00007fff5ee8b000 	C:\WINDOWS\System32\GDI32.dll
0x00007fff5ef90000 - 0x00007fff5f02e000 	C:\WINDOWS\System32\msvcrt.dll
0x00007fff5e200000 - 0x00007fff5e30f000 	C:\WINDOWS\System32\gdi32full.dll
0x00007fff5e6f0000 - 0x00007fff5e78d000 	C:\WINDOWS\System32\msvcp_win.dll
0x00007fff5f030000 - 0x00007fff5f062000 	C:\WINDOWS\System32\IMM32.DLL
0x00007fff473d0000 - 0x00007fff473dc000 	D:\Programs\Android Studio\jbr\bin\vcruntime140_1.dll
0x00007fff07bb0000 - 0x00007fff07c3d000 	D:\Programs\Android Studio\jbr\bin\msvcp140.dll
0x00007fff01c20000 - 0x00007fff0288e000 	D:\Programs\Android Studio\jbr\bin\server\jvm.dll
0x00007fff5f1f0000 - 0x00007fff5f29e000 	C:\WINDOWS\System32\ADVAPI32.dll
0x00007fff5eef0000 - 0x00007fff5ef8c000 	C:\WINDOWS\System32\sechost.dll
0x00007fff5f820000 - 0x00007fff5f945000 	C:\WINDOWS\System32\RPCRT4.dll
0x00007fff59100000 - 0x00007fff59109000 	C:\WINDOWS\SYSTEM32\WSOCK32.dll
0x00007fff4f790000 - 0x00007fff4f7b7000 	C:\WINDOWS\SYSTEM32\WINMM.dll
0x00007fff571a0000 - 0x00007fff571aa000 	C:\WINDOWS\SYSTEM32\VERSION.dll
0x00007fff5f950000 - 0x00007fff5f9bb000 	C:\WINDOWS\System32\WS2_32.dll
0x00007fff5bd50000 - 0x00007fff5bd62000 	C:\WINDOWS\SYSTEM32\kernel.appcore.dll
0x00007fff59060000 - 0x00007fff5906a000 	D:\Programs\Android Studio\jbr\bin\jimage.dll
0x00007fff55b50000 - 0x00007fff55d34000 	C:\WINDOWS\SYSTEM32\DBGHELP.DLL
0x00007fff48000000 - 0x00007fff4802c000 	C:\WINDOWS\SYSTEM32\dbgcore.DLL
0x00007fff5de90000 - 0x00007fff5df12000 	C:\WINDOWS\System32\bcryptPrimitives.dll
0x00007fff58e20000 - 0x00007fff58e45000 	D:\Programs\Android Studio\jbr\bin\java.dll

dbghelp: loaded successfully - version: 4.0.5 - missing functions: none
symbol engine: initialized successfully - sym options: 0x614 - pdb path: .;D:\Programs\Android Studio\jbr\bin;C:\WINDOWS\SYSTEM32;C:\WINDOWS\WinSxS\amd64_microsoft.windows.common-controls_6595b64144ccf1df_6.0.19041.1110_none_60b5254171f9507e;D:\Programs\Android Studio\jbr\bin\server

VM Arguments:
java_command: git4idea.http.GitAskPassApp Username for 'https://github.com': 
java_class_path (initial): D:/Programs/Android Studio/plugins/vcs-git/lib/git4idea-rt.jar;D:/Programs/Android Studio/lib/externalProcess-rt.jar;D:/Programs/Android Studio/lib/app.jar;D:/Programs/Android Studio/lib/3rd-party-rt.jar
Launcher Type: SUN_STANDARD

[Global flags]
     intx CICompilerCount                          = 12                                        {product} {ergonomic}
     uint ConcGCThreads                            = 3                                         {product} {ergonomic}
     uint G1ConcRefinementThreads                  = 13                                        {product} {ergonomic}
   size_t G1HeapRegionSize                         = 2097152                                   {product} {ergonomic}
    uintx GCDrainStackTargetSize                   = 64                                        {product} {ergonomic}
   size_t InitialHeapSize                          = 232783872                                 {product} {ergonomic}
   size_t MarkStackSize                            = 4194304                                   {product} {ergonomic}
   size_t MaxHeapSize                              = 3720347648                                {product} {ergonomic}
   size_t MinHeapDeltaBytes                        = 2097152                                   {product} {ergonomic}
   size_t MinHeapSize                              = 8388608                                   {product} {ergonomic}
    uintx NonNMethodCodeHeapSize                   = 7602480                                {pd product} {ergonomic}
    uintx NonProfiledCodeHeapSize                  = 122027880                              {pd product} {ergonomic}
    uintx ProfiledCodeHeapSize                     = 122027880                              {pd product} {ergonomic}
    uintx ReservedCodeCacheSize                    = 251658240                              {pd product} {ergonomic}
     bool SegmentedCodeCache                       = true                                      {product} {ergonomic}
   size_t SoftMaxHeapSize                          = 3720347648                             {manageable} {ergonomic}
     bool UseCompressedClassPointers               = true                           {product lp64_product} {ergonomic}
     bool UseCompressedOops                        = true                           {product lp64_product} {ergonomic}
     bool UseG1GC                                  = true                                      {product} {ergonomic}
     bool UseLargePagesIndividualAllocation        = false                                  {pd product} {ergonomic}

Logging:
Log output configuration:
 #0: stdout all=warning uptime,level,tags
 #1: stderr all=off uptime,level,tags

Environment Variables:
JAVA_HOME=C:\Program Files\Android\Android Studio\jre
PATH=C:\Program Files\Git\mingw64\libexec\git-core;C:\Program Files\Git\mingw64\libexec\git-core;C:\Program Files\Git\mingw64\bin;C:\Program Files\Git\usr\bin;C:\Users\Мадина\bin;C:\Program Files\Common Files\Oracle\Java\javapath;C:\WINDOWS\system32;C:\WINDOWS;C:\WINDOWS\System32\Wbem;C:\WINDOWS\System32\WindowsPowerShell\v1.0;C:\Program Files\Java\jdk-19\bin;C:\Program Files (x86)\NVIDIA Corporation\PhysX\Common;C:\Program Files\NVIDIA Corporation\NVIDIA NvDLISR;C:\Program Files\Git\cmd;C:\Users\Мадина\Android development\flutter\bin;C:\Users\Мадина\AppData\Local\Programs\Python\Python310\Scripts;C:\Users\Мадина\AppData\Local\Programs\Python\Python310;C:\Users\Мадина\AppData\Local\Programs\Python\Python311\Scripts;C:\Users\Мадина\AppData\Local\Programs\Python\Python311;C:\Users\Мадина\AppData\Local\Microsoft\WindowsApps;C:\Program Files\JetBrains\PyCharm Community Edition 2022.3\bin;C:\Program Files\JetBrains\PyCharm Community Edition with Anaconda plugin 2020.1.5\bin;C:\Users\Мадина\AppData\Local\GitHubDesktop\bin;D:\Programs\GoLand 2023.1.4\bin;D:\Programs\GoLand 2023.1.2\bin;D:\Programs\go1.20.4\bin
USERNAME=Мадина
DISPLAY=:0.0
LC_ALL=en_US.UTF-8
TERM=xterm-256color
TMPDIR=C:\Users\6DE3~1\AppData\Local\Temp
OS=Windows_NT
PROCESSOR_IDENTIFIER=AMD64 Family 25 Model 80 Stepping 0, AuthenticAMD
TMP=C:\Users\6DE3~1\AppData\Local\Temp
TEMP=C:\Users\6DE3~1\AppData\Local\Temp


JNI global refs:

[error occurred during error reporting (JNI global references), id 0xc0000005, EXCEPTION_ACCESS_VIOLATION (0xc0000005) at pc=0x00007fff01cd7a10]


---------------  S Y S T E M  ---------------

OS:
 Windows 10 , 64 bit Build 19041 (10.0.19041.2251)
OS uptime: 0 days 2:09 hours

CPU: total 16 (initial active 16) (16 cores per cpu, 2 threads per core) family 25 model 80 stepping 0 microcode 0x0, cx8, cmov, fxsr, ht, mmx, 3dnowpref, sse, sse2, sse3, ssse3, sse4a, sse4.1, sse4.2, popcnt, lzcnt, tsc, tscinvbit, avx, avx2, aes, erms, clmul, bmi1, bmi2, adx, sha, fma, vzeroupper, clflush, clflushopt

Memory: 4k page, system-wide physical 14188M (2608M free)
TotalPageFile size 14188M (AvailPageFile size 5M)
current process WorkingSet (physical memory assigned to process): 10M, peak: 10M
current process commit charge ("private bytes"): 59M, peak: 60M

vm_info: OpenJDK 64-Bit Server VM (17.0.6+0-b2043.56-10027231) for windows-amd64 JRE (17.0.6+0-b2043.56-10027231), built on Apr 28 2023 00:43:19 by "androidbuild" with MS VC++ 16.10 / 16.11 (VS2019)

END.
